c:\users\admin\source\repos\demo\demo\x64\debug\vc142.pdb
c:\users\admin\source\repos\demo\demo\x64\debug\vc142.idb
c:\users\admin\source\repos\demo\demo\x64\debug\qrc_occview.obj
c:\users\admin\source\repos\demo\demo\x64\debug\moc_occ_demo2.obj
c:\users\admin\source\repos\demo\demo\x64\debug\moc_occview.obj
c:\users\admin\source\repos\demo\demo\x64\debug\occ_demo2.obj
c:\users\admin\source\repos\demo\demo\x64\debug\main.obj
c:\users\admin\source\repos\demo\demo\x64\debug\occview.obj
c:\users\admin\source\repos\demo\demo\x64\debug\uic\ui_occview.h
c:\users\admin\source\repos\demo\demo\x64\debug\uic\ui_occ_demo2.h
c:\users\admin\source\repos\demo\demo\x64\debug\rcc\qrc_occview.cpp
c:\users\admin\source\repos\demo\demo\x64\debug\moc\moc_occview.cpp
c:\users\admin\source\repos\demo\demo\x64\debug\moc\moc_occ_demo2.cpp
c:\users\admin\source\repos\demo\x64\debug\demo.lib
c:\users\admin\source\repos\demo\x64\debug\demo.exp
c:\users\admin\source\repos\demo\x64\debug\demo.exe
c:\users\admin\source\repos\demo\demo\x64\debug\demo.ilk
c:\users\admin\source\repos\demo\x64\debug\demo.pdb
c:\users\admin\source\repos\demo\demo\x64\debug\main.obj.enc
c:\users\admin\source\repos\demo\demo\x64\debug\moc_occview.obj.enc
c:\users\admin\source\repos\demo\demo\x64\debug\moc_occ_demo2.obj.enc
c:\users\admin\source\repos\demo\demo\x64\debug\occview.obj.enc
c:\users\admin\source\repos\demo\demo\x64\debug\occ_demo2.obj.enc
c:\users\admin\source\repos\demo\demo\x64\debug\demo.tlog\cl.command.1.tlog
c:\users\admin\source\repos\demo\demo\x64\debug\demo.tlog\cl.read.1.tlog
c:\users\admin\source\repos\demo\demo\x64\debug\demo.tlog\cl.write.1.tlog
c:\users\admin\source\repos\demo\demo\x64\debug\demo.tlog\demo.write.1u.tlog
c:\users\admin\source\repos\demo\demo\x64\debug\demo.tlog\link.command.1.tlog
c:\users\admin\source\repos\demo\demo\x64\debug\demo.tlog\link.read.1.tlog
c:\users\admin\source\repos\demo\demo\x64\debug\demo.tlog\link.write.1.tlog
c:\users\admin\source\repos\demo\demo\x64\debug\demo.tlog\moc.read.1u.tlog
c:\users\admin\source\repos\demo\demo\x64\debug\demo.tlog\moc.write.1u.tlog
c:\users\admin\source\repos\demo\demo\x64\debug\demo.tlog\rcc.read.1u.tlog
c:\users\admin\source\repos\demo\demo\x64\debug\demo.tlog\rcc.write.1u.tlog
c:\users\admin\source\repos\demo\demo\x64\debug\demo.tlog\uic.read.1u.tlog
c:\users\admin\source\repos\demo\demo\x64\debug\demo.tlog\uic.write.1u.tlog
